[04/14/18 22:57:01] http-server.c(161): fileserver: worker_threads = 10
[04/14/18 22:57:01] http-server.c(176): fileserver: fixed_block_size = 8388608
[04/14/18 22:57:01] http-server.c(191): fileserver: web_token_expire_time = 3600
[04/14/18 22:57:01] http-server.c(206): fileserver: max_indexing_threads = 1
[04/14/2018 10:57:01 PM] ../common/mq-mgr.c(54): [mq client] mq cilent is started
[04/14/2018 10:57:03 PM] size-sched.c(96): Repo size compute queue size is 0
[04/14/2018 11:02:03 PM] size-sched.c(96): Repo size compute queue size is 0
[04/14/2018 11:07:03 PM] size-sched.c(96): Repo size compute queue size is 0
[04/14/2018 11:12:03 PM] size-sched.c(96): Repo size compute queue size is 0
[04/14/2018 11:17:03 PM] size-sched.c(96): Repo size compute queue size is 0
[04/14/2018 11:22:03 PM] size-sched.c(96): Repo size compute queue size is 0
[04/14/2018 11:27:03 PM] size-sched.c(96): Repo size compute queue size is 0
[04/14/2018 11:32:03 PM] size-sched.c(96): Repo size compute queue size is 0
[04/14/2018 11:37:03 PM] size-sched.c(96): Repo size compute queue size is 0
[04/14/2018 11:42:03 PM] size-sched.c(96): Repo size compute queue size is 0
[04/14/2018 11:47:03 PM] size-sched.c(96): Repo size compute queue size is 0
[04/14/2018 11:52:03 PM] size-sched.c(96): Repo size compute queue size is 0
[04/14/2018 11:57:03 PM] size-sched.c(96): Repo size compute queue size is 0
[04/15/2018 12:02:03 AM] size-sched.c(96): Repo size compute queue size is 0
[04/15/2018 12:07:03 AM] size-sched.c(96): Repo size compute queue size is 0
[04/15/2018 12:12:03 AM] size-sched.c(96): Repo size compute queue size is 0
[04/15/2018 12:17:03 AM] size-sched.c(96): Repo size compute queue size is 0
[04/15/2018 12:22:03 AM] size-sched.c(96): Repo size compute queue size is 0
[04/15/2018 12:27:03 AM] size-sched.c(96): Repo size compute queue size is 0
[04/15/2018 12:32:03 AM] size-sched.c(96): Repo size compute queue size is 0
[04/15/2018 12:37:03 AM] size-sched.c(96): Repo size compute queue size is 0
[04/15/2018 12:42:03 AM] size-sched.c(96): Repo size compute queue size is 0
[04/15/2018 12:47:03 AM] size-sched.c(96): Repo size compute queue size is 0
[04/15/2018 12:52:03 AM] size-sched.c(96): Repo size compute queue size is 0
[04/15/2018 12:57:03 AM] size-sched.c(96): Repo size compute queue size is 0
[04/15/2018 01:02:03 AM] size-sched.c(96): Repo size compute queue size is 0
[04/15/2018 01:07:03 AM] size-sched.c(96): Repo size compute queue size is 0
[04/15/2018 01:12:03 AM] size-sched.c(96): Repo size compute queue size is 0
[04/15/2018 01:17:03 AM] size-sched.c(96): Repo size compute queue size is 0
[04/15/2018 01:22:03 AM] size-sched.c(96): Repo size compute queue size is 0
[04/15/2018 01:27:03 AM] size-sched.c(96): Repo size compute queue size is 0
[04/15/2018 01:32:03 AM] size-sched.c(96): Repo size compute queue size is 0
[04/15/2018 01:37:03 AM] size-sched.c(96): Repo size compute queue size is 0
[04/15/2018 01:42:03 AM] size-sched.c(96): Repo size compute queue size is 0
[04/15/2018 01:47:03 AM] size-sched.c(96): Repo size compute queue size is 0
[04/15/2018 01:52:03 AM] size-sched.c(96): Repo size compute queue size is 0
[04/15/2018 01:57:03 AM] size-sched.c(96): Repo size compute queue size is 0
[04/15/2018 02:02:03 AM] size-sched.c(96): Repo size compute queue size is 0
[04/15/2018 02:07:03 AM] size-sched.c(96): Repo size compute queue size is 0
[04/15/2018 02:12:03 AM] size-sched.c(96): Repo size compute queue size is 0
[04/15/2018 02:17:03 AM] size-sched.c(96): Repo size compute queue size is 0
[04/15/2018 02:22:03 AM] size-sched.c(96): Repo size compute queue size is 0
[04/15/2018 02:27:03 AM] size-sched.c(96): Repo size compute queue size is 0
[04/15/2018 02:32:03 AM] size-sched.c(96): Repo size compute queue size is 0
[04/15/2018 02:37:03 AM] size-sched.c(96): Repo size compute queue size is 0
[04/15/2018 02:42:03 AM] size-sched.c(96): Repo size compute queue size is 0
[04/15/2018 02:47:03 AM] size-sched.c(96): Repo size compute queue size is 0
[04/15/2018 02:52:03 AM] size-sched.c(96): Repo size compute queue size is 0
[04/15/2018 02:57:03 AM] size-sched.c(96): Repo size compute queue size is 0
[04/15/2018 03:02:03 AM] size-sched.c(96): Repo size compute queue size is 0
[04/15/2018 03:07:03 AM] size-sched.c(96): Repo size compute queue size is 0
[04/15/2018 03:12:03 AM] size-sched.c(96): Repo size compute queue size is 0
[04/15/2018 03:17:03 AM] size-sched.c(96): Repo size compute queue size is 0
[04/15/2018 03:22:03 AM] size-sched.c(96): Repo size compute queue size is 0
[04/15/2018 03:27:03 AM] size-sched.c(96): Repo size compute queue size is 0
[04/15/2018 03:32:03 AM] size-sched.c(96): Repo size compute queue size is 0
[04/15/2018 03:37:03 AM] size-sched.c(96): Repo size compute queue size is 0
[04/15/2018 03:42:03 AM] size-sched.c(96): Repo size compute queue size is 0
[04/15/2018 03:47:03 AM] size-sched.c(96): Repo size compute queue size is 0
[04/15/2018 03:52:03 AM] size-sched.c(96): Repo size compute queue size is 0
[04/15/2018 03:57:03 AM] size-sched.c(96): Repo size compute queue size is 0
[04/15/2018 04:02:03 AM] size-sched.c(96): Repo size compute queue size is 0
[04/15/2018 04:07:03 AM] size-sched.c(96): Repo size compute queue size is 0
[04/15/2018 04:12:03 AM] size-sched.c(96): Repo size compute queue size is 0
[04/15/2018 04:17:03 AM] size-sched.c(96): Repo size compute queue size is 0
[04/15/2018 04:22:03 AM] size-sched.c(96): Repo size compute queue size is 0
[04/15/2018 04:27:03 AM] size-sched.c(96): Repo size compute queue size is 0
[04/15/2018 04:32:03 AM] size-sched.c(96): Repo size compute queue size is 0
[04/15/2018 04:37:03 AM] size-sched.c(96): Repo size compute queue size is 0
[04/15/2018 04:42:03 AM] size-sched.c(96): Repo size compute queue size is 0
[04/15/2018 04:47:03 AM] size-sched.c(96): Repo size compute queue size is 0
[04/15/2018 04:52:03 AM] size-sched.c(96): Repo size compute queue size is 0
[04/15/2018 04:57:03 AM] size-sched.c(96): Repo size compute queue size is 0
[04/15/2018 05:02:03 AM] size-sched.c(96): Repo size compute queue size is 0
[04/15/2018 05:07:03 AM] size-sched.c(96): Repo size compute queue size is 0
[04/15/2018 05:12:03 AM] size-sched.c(96): Repo size compute queue size is 0
[04/15/2018 05:17:03 AM] size-sched.c(96): Repo size compute queue size is 0
[04/15/2018 05:22:03 AM] size-sched.c(96): Repo size compute queue size is 0
[04/15/2018 05:27:03 AM] size-sched.c(96): Repo size compute queue size is 0
[04/15/2018 05:32:03 AM] size-sched.c(96): Repo size compute queue size is 0
[04/15/2018 05:37:03 AM] size-sched.c(96): Repo size compute queue size is 0
[04/15/2018 05:42:03 AM] size-sched.c(96): Repo size compute queue size is 0
[04/15/2018 05:47:03 AM] size-sched.c(96): Repo size compute queue size is 0
[04/15/2018 05:52:03 AM] size-sched.c(96): Repo size compute queue size is 0
[04/15/2018 05:57:03 AM] size-sched.c(96): Repo size compute queue size is 0
[04/15/2018 06:02:03 AM] size-sched.c(96): Repo size compute queue size is 0
[04/15/2018 06:07:03 AM] size-sched.c(96): Repo size compute queue size is 0
[04/15/2018 06:12:03 AM] size-sched.c(96): Repo size compute queue size is 0
[04/15/2018 06:17:03 AM] size-sched.c(96): Repo size compute queue size is 0
[04/15/2018 06:22:03 AM] size-sched.c(96): Repo size compute queue size is 0
[04/15/2018 06:27:03 AM] size-sched.c(96): Repo size compute queue size is 0
[04/15/2018 06:32:03 AM] size-sched.c(96): Repo size compute queue size is 0
[04/15/2018 06:37:03 AM] size-sched.c(96): Repo size compute queue size is 0
[04/15/2018 06:42:03 AM] size-sched.c(96): Repo size compute queue size is 0
[04/15/2018 06:47:03 AM] size-sched.c(96): Repo size compute queue size is 0
[04/15/2018 06:52:03 AM] size-sched.c(96): Repo size compute queue size is 0
[04/15/2018 06:57:03 AM] size-sched.c(96): Repo size compute queue size is 0
[04/15/2018 07:02:03 AM] size-sched.c(96): Repo size compute queue size is 0
[04/15/2018 07:07:03 AM] size-sched.c(96): Repo size compute queue size is 0
[04/15/2018 07:12:03 AM] size-sched.c(96): Repo size compute queue size is 0
[04/15/2018 07:17:03 AM] size-sched.c(96): Repo size compute queue size is 0
[04/15/2018 07:22:03 AM] size-sched.c(96): Repo size compute queue size is 0
[04/15/2018 07:27:03 AM] size-sched.c(96): Repo size compute queue size is 0
[04/15/2018 07:32:03 AM] size-sched.c(96): Repo size compute queue size is 0
[04/15/2018 07:37:03 AM] size-sched.c(96): Repo size compute queue size is 0
[04/15/2018 07:42:03 AM] size-sched.c(96): Repo size compute queue size is 0
[04/15/2018 07:47:03 AM] size-sched.c(96): Repo size compute queue size is 0
[04/15/2018 07:52:03 AM] size-sched.c(96): Repo size compute queue size is 0
[04/15/2018 07:57:03 AM] size-sched.c(96): Repo size compute queue size is 0
[04/15/2018 08:02:03 AM] size-sched.c(96): Repo size compute queue size is 0
[04/15/2018 08:07:03 AM] size-sched.c(96): Repo size compute queue size is 0
[04/15/2018 08:12:03 AM] size-sched.c(96): Repo size compute queue size is 0
[04/15/2018 08:17:03 AM] size-sched.c(96): Repo size compute queue size is 0
[04/15/2018 08:22:03 AM] size-sched.c(96): Repo size compute queue size is 0
[04/15/2018 08:27:03 AM] size-sched.c(96): Repo size compute queue size is 0
[04/15/2018 08:32:03 AM] size-sched.c(96): Repo size compute queue size is 0
[04/15/2018 08:37:03 AM] size-sched.c(96): Repo size compute queue size is 0
[04/15/2018 08:42:03 AM] size-sched.c(96): Repo size compute queue size is 0
[04/15/2018 08:47:03 AM] size-sched.c(96): Repo size compute queue size is 0
[04/15/2018 08:52:03 AM] size-sched.c(96): Repo size compute queue size is 0
[04/15/2018 08:57:03 AM] size-sched.c(96): Repo size compute queue size is 0
[04/15/2018 09:02:03 AM] size-sched.c(96): Repo size compute queue size is 0
[04/15/2018 09:07:03 AM] size-sched.c(96): Repo size compute queue size is 0
[04/15/2018 09:12:03 AM] size-sched.c(96): Repo size compute queue size is 0
[04/15/2018 09:17:03 AM] size-sched.c(96): Repo size compute queue size is 0
[04/15/2018 09:22:03 AM] size-sched.c(96): Repo size compute queue size is 0
[04/15/2018 09:27:03 AM] size-sched.c(96): Repo size compute queue size is 0
[04/15/2018 09:32:03 AM] size-sched.c(96): Repo size compute queue size is 0
[04/15/2018 09:37:03 AM] size-sched.c(96): Repo size compute queue size is 0
[04/15/2018 09:42:03 AM] size-sched.c(96): Repo size compute queue size is 0
[04/15/2018 09:47:03 AM] size-sched.c(96): Repo size compute queue size is 0
[04/15/2018 09:52:03 AM] size-sched.c(96): Repo size compute queue size is 0
[04/15/2018 09:57:03 AM] size-sched.c(96): Repo size compute queue size is 0
[04/15/2018 10:02:03 AM] size-sched.c(96): Repo size compute queue size is 0
[04/15/2018 10:07:03 AM] size-sched.c(96): Repo size compute queue size is 0
[04/15/2018 10:12:03 AM] size-sched.c(96): Repo size compute queue size is 0
[04/15/2018 10:17:03 AM] size-sched.c(96): Repo size compute queue size is 0
[04/15/2018 10:22:03 AM] size-sched.c(96): Repo size compute queue size is 0
[04/15/2018 10:27:03 AM] size-sched.c(96): Repo size compute queue size is 0
[04/15/2018 10:32:03 AM] size-sched.c(96): Repo size compute queue size is 0
[04/15/2018 10:37:03 AM] size-sched.c(96): Repo size compute queue size is 0
[04/15/2018 10:42:03 AM] size-sched.c(96): Repo size compute queue size is 0
[04/15/2018 10:47:03 AM] size-sched.c(96): Repo size compute queue size is 0
[04/15/2018 10:52:03 AM] size-sched.c(96): Repo size compute queue size is 0
[04/15/2018 10:57:03 AM] size-sched.c(96): Repo size compute queue size is 0
[04/15/2018 11:02:03 AM] size-sched.c(96): Repo size compute queue size is 0
[04/15/2018 11:07:03 AM] size-sched.c(96): Repo size compute queue size is 0
[04/15/2018 11:12:03 AM] size-sched.c(96): Repo size compute queue size is 0
[04/15/2018 11:17:03 AM] size-sched.c(96): Repo size compute queue size is 0
[04/15/2018 11:22:03 AM] size-sched.c(96): Repo size compute queue size is 0
[04/15/2018 11:27:03 AM] size-sched.c(96): Repo size compute queue size is 0
[04/15/2018 11:32:03 AM] size-sched.c(96): Repo size compute queue size is 0
[04/15/2018 11:37:03 AM] size-sched.c(96): Repo size compute queue size is 0
[04/15/2018 11:42:04 AM] size-sched.c(96): Repo size compute queue size is 0
[04/15/2018 11:47:04 AM] size-sched.c(96): Repo size compute queue size is 0
[04/15/2018 11:52:04 AM] size-sched.c(96): Repo size compute queue size is 0
[04/15/2018 11:57:04 AM] size-sched.c(96): Repo size compute queue size is 0
[04/15/2018 12:02:04 PM] size-sched.c(96): Repo size compute queue size is 0
